Determining size of off64_t failed with the following output:
Change Dir: /Users/aidanm/Documents/GitHub/kronosx-rs/target/debug/build/grpcio-sys-acb394a567f25e60/out/build/CMakeFiles/CMakeTmp

Run Build Command(s):/usr/bin/make cmTC_69336/fast && /Applications/Xcode.app/Contents/Developer/usr/bin/make -f CMakeFiles/cmTC_69336.dir/build.make CMakeFiles/cmTC_69336.dir/build
Building C object CMakeFiles/cmTC_69336.dir/OFF64_T.c.o
/usr/bin/cc -DHAVE_STDDEF_H -DHAVE_STDINT_H -DHAVE_SYS_TYPES_H -D_LARGEFILE64_SOURCE=1  -ffunction-sections -fdata-sections -fPIC -m64  -isysroot /Applications/Xcode.app/Contents/Developer/Platforms/MacOSX.platform/Developer/SDKs/MacOSX10.15.sdk -fPIE   -o CMakeFiles/cmTC_69336.dir/OFF64_T.c.o   -c /Users/aidanm/Documents/GitHub/kronosx-rs/target/debug/build/grpcio-sys-acb394a567f25e60/out/build/CMakeFiles/CheckTypeSize/OFF64_T.c
/Users/aidanm/Documents/GitHub/kronosx-rs/target/debug/build/grpcio-sys-acb394a567f25e60/out/build/CMakeFiles/CheckTypeSize/OFF64_T.c:25:12: error: use of undeclared identifier 'off64_t'
  ('0' + ((SIZE / 10000)%10)),
           ^
/Users/aidanm/Documents/GitHub/kronosx-rs/target/debug/build/grpcio-sys-acb394a567f25e60/out/build/CMakeFiles/CheckTypeSize/OFF64_T.c:23:22: note: expanded from macro 'SIZE'
#define SIZE (sizeof(off64_t))
                     ^
/Users/aidanm/Documents/GitHub/kronosx-rs/target/debug/build/grpcio-sys-acb394a567f25e60/out/build/CMakeFiles/CheckTypeSize/OFF64_T.c:26:12: error: use of undeclared identifier 'off64_t'
  ('0' + ((SIZE / 1000)%10)),
           ^
/Users/aidanm/Documents/GitHub/kronosx-rs/target/debug/build/grpcio-sys-acb394a567f25e60/out/build/CMakeFiles/CheckTypeSize/OFF64_T.c:23:22: note: expanded from macro 'SIZE'
#define SIZE (sizeof(off64_t))
                     ^
/Users/aidanm/Documents/GitHub/kronosx-rs/target/debug/build/grpcio-sys-acb394a567f25e60/out/build/CMakeFiles/CheckTypeSize/OFF64_T.c:27:12: error: use of undeclared identifier 'off64_t'
  ('0' + ((SIZE / 100)%10)),
           ^
/Users/aidanm/Documents/GitHub/kronosx-rs/target/debug/build/grpcio-sys-acb394a567f25e60/out/build/CMakeFiles/CheckTypeSize/OFF64_T.c:23:22: note: expanded from macro 'SIZE'
#define SIZE (sizeof(off64_t))
                     ^
/Users/aidanm/Documents/GitHub/kronosx-rs/target/debug/build/grpcio-sys-acb394a567f25e60/out/build/CMakeFiles/CheckTypeSize/OFF64_T.c:28:12: error: use of undeclared identifier 'off64_t'
  ('0' + ((SIZE / 10)%10)),
           ^
/Users/aidanm/Documents/GitHub/kronosx-rs/target/debug/build/grpcio-sys-acb394a567f25e60/out/build/CMakeFiles/CheckTypeSize/OFF64_T.c:23:22: note: expanded from macro 'SIZE'
#define SIZE (sizeof(off64_t))
                     ^
/Users/aidanm/Documents/GitHub/kronosx-rs/target/debug/build/grpcio-sys-acb394a567f25e60/out/build/CMakeFiles/CheckTypeSize/OFF64_T.c:29:12: error: use of undeclared identifier 'off64_t'
  ('0' +  (SIZE    % 10)),
           ^
/Users/aidanm/Documents/GitHub/kronosx-rs/target/debug/build/grpcio-sys-acb394a567f25e60/out/build/CMakeFiles/CheckTypeSize/OFF64_T.c:23:22: note: expanded from macro 'SIZE'
#define SIZE (sizeof(off64_t))
                     ^
5 errors generated.
make[1]: *** [CMakeFiles/cmTC_69336.dir/OFF64_T.c.o] Error 1
make: *** [cmTC_69336/fast] Error 2


/Users/aidanm/Documents/GitHub/kronosx-rs/target/debug/build/grpcio-sys-acb394a567f25e60/out/build/CMakeFiles/CheckTypeSize/OFF64_T.c:
#include <sys/types.h>
#include <stdint.h>
#include <stddef.h>


#undef KEY
#if defined(__i386)
# define KEY '_','_','i','3','8','6'
#elif defined(__x86_64)
# define KEY '_','_','x','8','6','_','6','4'
#elif defined(__ppc__)
# define KEY '_','_','p','p','c','_','_'
#elif defined(__ppc64__)
# define KEY '_','_','p','p','c','6','4','_','_'
#elif defined(__aarch64__)
# define KEY '_','_','a','a','r','c','h','6','4','_','_'
#elif defined(__ARM_ARCH_7A__)
# define KEY '_','_','A','R','M','_','A','R','C','H','_','7','A','_','_'
#elif defined(__ARM_ARCH_7S__)
# define KEY '_','_','A','R','M','_','A','R','C','H','_','7','S','_','_'
#endif

#define SIZE (sizeof(off64_t))
static char info_size[] =  {'I', 'N', 'F', 'O', ':', 's','i','z','e','[',
  ('0' + ((SIZE / 10000)%10)),
  ('0' + ((SIZE / 1000)%10)),
  ('0' + ((SIZE / 100)%10)),
  ('0' + ((SIZE / 10)%10)),
  ('0' +  (SIZE    % 10)),
  ']',
#ifdef KEY
  ' ','k','e','y','[', KEY, ']',
#endif
  '\0'};

#ifdef __CLASSIC_C__
int main(argc, argv) int argc; char *argv[];
#else
int main(int argc, char *argv[])
#endif
{
  int require = 0;
  require += info_size[argc];
  (void)argv;
  return require;
}


Performing C SOURCE FILE Test IOS failed with the following output:
Change Dir: /Users/aidanm/Documents/GitHub/kronosx-rs/target/debug/build/grpcio-sys-acb394a567f25e60/out/build/CMakeFiles/CMakeTmp

Run Build Command(s):/usr/bin/make cmTC_8a1a3/fast && /Applications/Xcode.app/Contents/Developer/usr/bin/make -f CMakeFiles/cmTC_8a1a3.dir/build.make CMakeFiles/cmTC_8a1a3.dir/build
Building C object CMakeFiles/cmTC_8a1a3.dir/src.c.o
/usr/bin/cc   -ffunction-sections -fdata-sections -fPIC -m64 -DIOS -isysroot /Applications/Xcode.app/Contents/Developer/Platforms/MacOSX.platform/Developer/SDKs/MacOSX10.15.sdk -fPIE   -o CMakeFiles/cmTC_8a1a3.dir/src.c.o   -c /Users/aidanm/Documents/GitHub/kronosx-rs/target/debug/build/grpcio-sys-acb394a567f25e60/out/build/CMakeFiles/CMakeTmp/src.c
/Users/aidanm/Documents/GitHub/kronosx-rs/target/debug/build/grpcio-sys-acb394a567f25e60/out/build/CMakeFiles/CMakeTmp/src.c:6:2: error: Not an iPhone target
#error Not an iPhone target
 ^
1 error generated.
make[1]: *** [CMakeFiles/cmTC_8a1a3.dir/src.c.o] Error 1
make: *** [cmTC_8a1a3/fast] Error 2


Source file was:

	#include <stdio.h>
	#include <TargetConditionals.h>
	int main() {
#if TARGET_OS_IPHONE == 0
#error Not an iPhone target
#endif
return 0;
	}
	
Performing C SOURCE FILE Test IOS_V10 failed with the following output:
Change Dir: /Users/aidanm/Documents/GitHub/kronosx-rs/target/debug/build/grpcio-sys-acb394a567f25e60/out/build/CMakeFiles/CMakeTmp

Run Build Command(s):/usr/bin/make cmTC_8f5c5/fast && /Applications/Xcode.app/Contents/Developer/usr/bin/make -f CMakeFiles/cmTC_8f5c5.dir/build.make CMakeFiles/cmTC_8f5c5.dir/build
Building C object CMakeFiles/cmTC_8f5c5.dir/src.c.o
/usr/bin/cc   -ffunction-sections -fdata-sections -fPIC -m64 -DIOS_V10 -isysroot /Applications/Xcode.app/Contents/Developer/Platforms/MacOSX.platform/Developer/SDKs/MacOSX10.15.sdk -fPIE   -o CMakeFiles/cmTC_8f5c5.dir/src.c.o   -c /Users/aidanm/Documents/GitHub/kronosx-rs/target/debug/build/grpcio-sys-acb394a567f25e60/out/build/CMakeFiles/CMakeTmp/src.c
/Users/aidanm/Documents/GitHub/kronosx-rs/target/debug/build/grpcio-sys-acb394a567f25e60/out/build/CMakeFiles/CMakeTmp/src.c:6:4: error: Not iOS v10
#  error Not iOS v10
   ^
1 error generated.
make[1]: *** [CMakeFiles/cmTC_8f5c5.dir/src.c.o] Error 1
make: *** [cmTC_8f5c5/fast] Error 2


Source file was:

#include <stdio.h>
#include <TargetConditionals.h>
	int main() {
#if TARGET_OS_IPHONE == 0 || __IPHONE_OS_VERSION_MIN_REQUIRED < 100000
#  error Not iOS v10
#endif
return 0;
	}
	
Determining if the function gethostbyname exists in the nsl failed with the following output:
Change Dir: /Users/aidanm/Documents/GitHub/kronosx-rs/target/debug/build/grpcio-sys-acb394a567f25e60/out/build/CMakeFiles/CMakeTmp

Run Build Command(s):/usr/bin/make cmTC_d8a59/fast && /Applications/Xcode.app/Contents/Developer/usr/bin/make -f CMakeFiles/cmTC_d8a59.dir/build.make CMakeFiles/cmTC_d8a59.dir/build
Building C object CMakeFiles/cmTC_d8a59.dir/CheckFunctionExists.c.o
/usr/bin/cc   -ffunction-sections -fdata-sections -fPIC -m64 -DCHECK_FUNCTION_EXISTS=gethostbyname -isysroot /Applications/Xcode.app/Contents/Developer/Platforms/MacOSX.platform/Developer/SDKs/MacOSX10.15.sdk -fPIE   -o CMakeFiles/cmTC_d8a59.dir/CheckFunctionExists.c.o   -c /usr/local/Cellar/cmake/3.16.2/share/cmake/Modules/CheckFunctionExists.c
Linking C executable cmTC_d8a59
/usr/local/Cellar/cmake/3.16.2/bin/cmake -E cmake_link_script CMakeFiles/cmTC_d8a59.dir/link.txt --verbose=1
/usr/bin/cc  -ffunction-sections -fdata-sections -fPIC -m64 -DCHECK_FUNCTION_EXISTS=gethostbyname -isysroot /Applications/Xcode.app/Contents/Developer/Platforms/MacOSX.platform/Developer/SDKs/MacOSX10.15.sdk -Wl,-search_paths_first -Wl,-headerpad_max_install_names   CMakeFiles/cmTC_d8a59.dir/CheckFunctionExists.c.o  -o cmTC_d8a59  -lnsl 
ld: library not found for -lnsl
clang: error: linker command failed with exit code 1 (use -v to see invocation)
make[1]: *** [cmTC_d8a59] Error 1
make: *** [cmTC_d8a59/fast] Error 2



Determining if the function gethostbyname exists in the socket failed with the following output:
Change Dir: /Users/aidanm/Documents/GitHub/kronosx-rs/target/debug/build/grpcio-sys-acb394a567f25e60/out/build/CMakeFiles/CMakeTmp

Run Build Command(s):/usr/bin/make cmTC_9d3c7/fast && /Applications/Xcode.app/Contents/Developer/usr/bin/make -f CMakeFiles/cmTC_9d3c7.dir/build.make CMakeFiles/cmTC_9d3c7.dir/build
Building C object CMakeFiles/cmTC_9d3c7.dir/CheckFunctionExists.c.o
/usr/bin/cc   -ffunction-sections -fdata-sections -fPIC -m64 -DCHECK_FUNCTION_EXISTS=gethostbyname -isysroot /Applications/Xcode.app/Contents/Developer/Platforms/MacOSX.platform/Developer/SDKs/MacOSX10.15.sdk -fPIE   -o CMakeFiles/cmTC_9d3c7.dir/CheckFunctionExists.c.o   -c /usr/local/Cellar/cmake/3.16.2/share/cmake/Modules/CheckFunctionExists.c
Linking C executable cmTC_9d3c7
/usr/local/Cellar/cmake/3.16.2/bin/cmake -E cmake_link_script CMakeFiles/cmTC_9d3c7.dir/link.txt --verbose=1
/usr/bin/cc  -ffunction-sections -fdata-sections -fPIC -m64 -DCHECK_FUNCTION_EXISTS=gethostbyname -isysroot /Applications/Xcode.app/Contents/Developer/Platforms/MacOSX.platform/Developer/SDKs/MacOSX10.15.sdk -Wl,-search_paths_first -Wl,-headerpad_max_install_names   CMakeFiles/cmTC_9d3c7.dir/CheckFunctionExists.c.o  -o cmTC_9d3c7  -lsocket 
ld: library not found for -lsocket
clang: error: linker command failed with exit code 1 (use -v to see invocation)
make[1]: *** [cmTC_9d3c7] Error 1
make: *** [cmTC_9d3c7/fast] Error 2



Determining if the function clock_gettime exists in the rt failed with the following output:
Change Dir: /Users/aidanm/Documents/GitHub/kronosx-rs/target/debug/build/grpcio-sys-acb394a567f25e60/out/build/CMakeFiles/CMakeTmp

Run Build Command(s):/usr/bin/make cmTC_5654b/fast && /Applications/Xcode.app/Contents/Developer/usr/bin/make -f CMakeFiles/cmTC_5654b.dir/build.make CMakeFiles/cmTC_5654b.dir/build
Building C object CMakeFiles/cmTC_5654b.dir/CheckFunctionExists.c.o
/usr/bin/cc   -ffunction-sections -fdata-sections -fPIC -m64 -DCHECK_FUNCTION_EXISTS=clock_gettime -isysroot /Applications/Xcode.app/Contents/Developer/Platforms/MacOSX.platform/Developer/SDKs/MacOSX10.15.sdk -fPIE   -o CMakeFiles/cmTC_5654b.dir/CheckFunctionExists.c.o   -c /usr/local/Cellar/cmake/3.16.2/share/cmake/Modules/CheckFunctionExists.c
Linking C executable cmTC_5654b
/usr/local/Cellar/cmake/3.16.2/bin/cmake -E cmake_link_script CMakeFiles/cmTC_5654b.dir/link.txt --verbose=1
/usr/bin/cc  -ffunction-sections -fdata-sections -fPIC -m64 -DCHECK_FUNCTION_EXISTS=clock_gettime -isysroot /Applications/Xcode.app/Contents/Developer/Platforms/MacOSX.platform/Developer/SDKs/MacOSX10.15.sdk -Wl,-search_paths_first -Wl,-headerpad_max_install_names   CMakeFiles/cmTC_5654b.dir/CheckFunctionExists.c.o  -o cmTC_5654b  -lrt 
ld: library not found for -lrt
clang: error: linker command failed with exit code 1 (use -v to see invocation)
make[1]: *** [cmTC_5654b] Error 1
make: *** [cmTC_5654b/fast] Error 2



Determining if files malloc.h exist failed with the following output:
Change Dir: /Users/aidanm/Documents/GitHub/kronosx-rs/target/debug/build/grpcio-sys-acb394a567f25e60/out/build/CMakeFiles/CMakeTmp

Run Build Command(s):/usr/bin/make cmTC_8ff12/fast && /Applications/Xcode.app/Contents/Developer/usr/bin/make -f CMakeFiles/cmTC_8ff12.dir/build.make CMakeFiles/cmTC_8ff12.dir/build
Building C object CMakeFiles/cmTC_8ff12.dir/HAVE_MALLOC_H.c.o
/usr/bin/cc   -ffunction-sections -fdata-sections -fPIC -m64  -isysroot /Applications/Xcode.app/Contents/Developer/Platforms/MacOSX.platform/Developer/SDKs/MacOSX10.15.sdk -fPIE   -o CMakeFiles/cmTC_8ff12.dir/HAVE_MALLOC_H.c.o   -c /Users/aidanm/Documents/GitHub/kronosx-rs/target/debug/build/grpcio-sys-acb394a567f25e60/out/build/CMakeFiles/CheckIncludeFiles/HAVE_MALLOC_H.c
/Users/aidanm/Documents/GitHub/kronosx-rs/target/debug/build/grpcio-sys-acb394a567f25e60/out/build/CMakeFiles/CheckIncludeFiles/HAVE_MALLOC_H.c:2:10: fatal error: 'malloc.h' file not found
#include <malloc.h>
         ^~~~~~~~~~
1 error generated.
make[1]: *** [CMakeFiles/cmTC_8ff12.dir/HAVE_MALLOC_H.c.o] Error 1
make: *** [cmTC_8ff12/fast] Error 2


Source:
/* */
#include <malloc.h>


int main(void){return 0;}

Determining if files socket.h exist failed with the following output:
Change Dir: /Users/aidanm/Documents/GitHub/kronosx-rs/target/debug/build/grpcio-sys-acb394a567f25e60/out/build/CMakeFiles/CMakeTmp

Run Build Command(s):/usr/bin/make cmTC_e825a/fast && /Applications/Xcode.app/Contents/Developer/usr/bin/make -f CMakeFiles/cmTC_e825a.dir/build.make CMakeFiles/cmTC_e825a.dir/build
Building C object CMakeFiles/cmTC_e825a.dir/HAVE_SOCKET_H.c.o
/usr/bin/cc   -ffunction-sections -fdata-sections -fPIC -m64  -isysroot /Applications/Xcode.app/Contents/Developer/Platforms/MacOSX.platform/Developer/SDKs/MacOSX10.15.sdk -fPIE   -o CMakeFiles/cmTC_e825a.dir/HAVE_SOCKET_H.c.o   -c /Users/aidanm/Documents/GitHub/kronosx-rs/target/debug/build/grpcio-sys-acb394a567f25e60/out/build/CMakeFiles/CheckIncludeFiles/HAVE_SOCKET_H.c
/Users/aidanm/Documents/GitHub/kronosx-rs/target/debug/build/grpcio-sys-acb394a567f25e60/out/build/CMakeFiles/CheckIncludeFiles/HAVE_SOCKET_H.c:2:10: fatal error: 'socket.h' file not found
#include <socket.h>
         ^~~~~~~~~~
1 error generated.
make[1]: *** [CMakeFiles/cmTC_e825a.dir/HAVE_SOCKET_H.c.o] Error 1
make: *** [cmTC_e825a/fast] Error 2


Source:
/* */
#include <socket.h>


int main(void){return 0;}

Determining if files stropts.h exist failed with the following output:
Change Dir: /Users/aidanm/Documents/GitHub/kronosx-rs/target/debug/build/grpcio-sys-acb394a567f25e60/out/build/CMakeFiles/CMakeTmp

Run Build Command(s):/usr/bin/make cmTC_b8d2a/fast && /Applications/Xcode.app/Contents/Developer/usr/bin/make -f CMakeFiles/cmTC_b8d2a.dir/build.make CMakeFiles/cmTC_b8d2a.dir/build
Building C object CMakeFiles/cmTC_b8d2a.dir/HAVE_STROPTS_H.c.o
/usr/bin/cc   -ffunction-sections -fdata-sections -fPIC -m64  -isysroot /Applications/Xcode.app/Contents/Developer/Platforms/MacOSX.platform/Developer/SDKs/MacOSX10.15.sdk -fPIE   -o CMakeFiles/cmTC_b8d2a.dir/HAVE_STROPTS_H.c.o   -c /Users/aidanm/Documents/GitHub/kronosx-rs/target/debug/build/grpcio-sys-acb394a567f25e60/out/build/CMakeFiles/CheckIncludeFiles/HAVE_STROPTS_H.c
/Users/aidanm/Documents/GitHub/kronosx-rs/target/debug/build/grpcio-sys-acb394a567f25e60/out/build/CMakeFiles/CheckIncludeFiles/HAVE_STROPTS_H.c:2:10: fatal error: 'stropts.h' file not found
#include <stropts.h>
         ^~~~~~~~~~~
1 error generated.
make[1]: *** [CMakeFiles/cmTC_b8d2a.dir/HAVE_STROPTS_H.c.o] Error 1
make: *** [cmTC_b8d2a/fast] Error 2


Source:
/* */
#include <stropts.h>


int main(void){return 0;}

Determining if files winsock2.h;windows.h exist failed with the following output:
Change Dir: /Users/aidanm/Documents/GitHub/kronosx-rs/target/debug/build/grpcio-sys-acb394a567f25e60/out/build/CMakeFiles/CMakeTmp

Run Build Command(s):/usr/bin/make cmTC_1efef/fast && /Applications/Xcode.app/Contents/Developer/usr/bin/make -f CMakeFiles/cmTC_1efef.dir/build.make CMakeFiles/cmTC_1efef.dir/build
Building C object CMakeFiles/cmTC_1efef.dir/HAVE_WINSOCK2_H.c.o
/usr/bin/cc   -ffunction-sections -fdata-sections -fPIC -m64  -isysroot /Applications/Xcode.app/Contents/Developer/Platforms/MacOSX.platform/Developer/SDKs/MacOSX10.15.sdk -fPIE   -o CMakeFiles/cmTC_1efef.dir/HAVE_WINSOCK2_H.c.o   -c /Users/aidanm/Documents/GitHub/kronosx-rs/target/debug/build/grpcio-sys-acb394a567f25e60/out/build/CMakeFiles/CheckIncludeFiles/HAVE_WINSOCK2_H.c
/Users/aidanm/Documents/GitHub/kronosx-rs/target/debug/build/grpcio-sys-acb394a567f25e60/out/build/CMakeFiles/CheckIncludeFiles/HAVE_WINSOCK2_H.c:2:10: fatal error: 'winsock2.h' file not found
#include <winsock2.h>
         ^~~~~~~~~~~~
1 error generated.
make[1]: *** [CMakeFiles/cmTC_1efef.dir/HAVE_WINSOCK2_H.c.o] Error 1
make: *** [cmTC_1efef/fast] Error 2


Source:
/* */
#include <winsock2.h>
#include <windows.h>


int main(void){return 0;}

Determining if files winsock2.h;ws2tcpip.h;windows.h exist failed with the following output:
Change Dir: /Users/aidanm/Documents/GitHub/kronosx-rs/target/debug/build/grpcio-sys-acb394a567f25e60/out/build/CMakeFiles/CMakeTmp

Run Build Command(s):/usr/bin/make cmTC_2762d/fast && /Applications/Xcode.app/Contents/Developer/usr/bin/make -f CMakeFiles/cmTC_2762d.dir/build.make CMakeFiles/cmTC_2762d.dir/build
Building C object CMakeFiles/cmTC_2762d.dir/HAVE_WS2TCPIP_H.c.o
/usr/bin/cc   -ffunction-sections -fdata-sections -fPIC -m64  -isysroot /Applications/Xcode.app/Contents/Developer/Platforms/MacOSX.platform/Developer/SDKs/MacOSX10.15.sdk -fPIE   -o CMakeFiles/cmTC_2762d.dir/HAVE_WS2TCPIP_H.c.o   -c /Users/aidanm/Documents/GitHub/kronosx-rs/target/debug/build/grpcio-sys-acb394a567f25e60/out/build/CMakeFiles/CheckIncludeFiles/HAVE_WS2TCPIP_H.c
/Users/aidanm/Documents/GitHub/kronosx-rs/target/debug/build/grpcio-sys-acb394a567f25e60/out/build/CMakeFiles/CheckIncludeFiles/HAVE_WS2TCPIP_H.c:2:10: fatal error: 'winsock2.h' file not found
#include <winsock2.h>
         ^~~~~~~~~~~~
1 error generated.
make[1]: *** [CMakeFiles/cmTC_2762d.dir/HAVE_WS2TCPIP_H.c.o] Error 1
make: *** [cmTC_2762d/fast] Error 2


Source:
/* */
#include <winsock2.h>
#include <ws2tcpip.h>
#include <windows.h>


int main(void){return 0;}

Determining if files winsock.h;windows.h exist failed with the following output:
Change Dir: /Users/aidanm/Documents/GitHub/kronosx-rs/target/debug/build/grpcio-sys-acb394a567f25e60/out/build/CMakeFiles/CMakeTmp

Run Build Command(s):/usr/bin/make cmTC_ec281/fast && /Applications/Xcode.app/Contents/Developer/usr/bin/make -f CMakeFiles/cmTC_ec281.dir/build.make CMakeFiles/cmTC_ec281.dir/build
Building C object CMakeFiles/cmTC_ec281.dir/HAVE_WINSOCK_H.c.o
/usr/bin/cc   -ffunction-sections -fdata-sections -fPIC -m64  -isysroot /Applications/Xcode.app/Contents/Developer/Platforms/MacOSX.platform/Developer/SDKs/MacOSX10.15.sdk -fPIE   -o CMakeFiles/cmTC_ec281.dir/HAVE_WINSOCK_H.c.o   -c /Users/aidanm/Documents/GitHub/kronosx-rs/target/debug/build/grpcio-sys-acb394a567f25e60/out/build/CMakeFiles/CheckIncludeFiles/HAVE_WINSOCK_H.c
/Users/aidanm/Documents/GitHub/kronosx-rs/target/debug/build/grpcio-sys-acb394a567f25e60/out/build/CMakeFiles/CheckIncludeFiles/HAVE_WINSOCK_H.c:2:10: fatal error: 'winsock.h' file not found
#include <winsock.h>
         ^~~~~~~~~~~
1 error generated.
make[1]: *** [CMakeFiles/cmTC_ec281.dir/HAVE_WINSOCK_H.c.o] Error 1
make: *** [cmTC_ec281/fast] Error 2


Source:
/* */
#include <winsock.h>
#include <windows.h>


int main(void){return 0;}

Determining if files windows.h exist failed with the following output:
Change Dir: /Users/aidanm/Documents/GitHub/kronosx-rs/target/debug/build/grpcio-sys-acb394a567f25e60/out/build/CMakeFiles/CMakeTmp

Run Build Command(s):/usr/bin/make cmTC_653db/fast && /Applications/Xcode.app/Contents/Developer/usr/bin/make -f CMakeFiles/cmTC_653db.dir/build.make CMakeFiles/cmTC_653db.dir/build
Building C object CMakeFiles/cmTC_653db.dir/HAVE_WINDOWS_H.c.o
/usr/bin/cc   -ffunction-sections -fdata-sections -fPIC -m64  -isysroot /Applications/Xcode.app/Contents/Developer/Platforms/MacOSX.platform/Developer/SDKs/MacOSX10.15.sdk -fPIE   -o CMakeFiles/cmTC_653db.dir/HAVE_WINDOWS_H.c.o   -c /Users/aidanm/Documents/GitHub/kronosx-rs/target/debug/build/grpcio-sys-acb394a567f25e60/out/build/CMakeFiles/CheckIncludeFiles/HAVE_WINDOWS_H.c
/Users/aidanm/Documents/GitHub/kronosx-rs/target/debug/build/grpcio-sys-acb394a567f25e60/out/build/CMakeFiles/CheckIncludeFiles/HAVE_WINDOWS_H.c:2:10: fatal error: 'windows.h' file not found
#include <windows.h>
         ^~~~~~~~~~~
1 error generated.
make[1]: *** [CMakeFiles/cmTC_653db.dir/HAVE_WINDOWS_H.c.o] Error 1
make: *** [cmTC_653db/fast] Error 2


Source:
/* */
#include <windows.h>


int main(void){return 0;}

Performing C SOURCE FILE Test HAVE_TYPE_SOCKET failed with the following output:
Change Dir: /Users/aidanm/Documents/GitHub/kronosx-rs/target/debug/build/grpcio-sys-acb394a567f25e60/out/build/CMakeFiles/CMakeTmp

Run Build Command(s):/usr/bin/make cmTC_77a03/fast && /Applications/Xcode.app/Contents/Developer/usr/bin/make -f CMakeFiles/cmTC_77a03.dir/build.make CMakeFiles/cmTC_77a03.dir/build
Building C object CMakeFiles/cmTC_77a03.dir/src.c.o
/usr/bin/cc -D_DARWIN_C_SOURCE  -ffunction-sections -fdata-sections -fPIC -m64 -DHAVE_TYPE_SOCKET -isysroot /Applications/Xcode.app/Contents/Developer/Platforms/MacOSX.platform/Developer/SDKs/MacOSX10.15.sdk -fPIE   -o CMakeFiles/cmTC_77a03.dir/src.c.o   -c /Users/aidanm/Documents/GitHub/kronosx-rs/target/debug/build/grpcio-sys-acb394a567f25e60/out/build/CMakeFiles/CMakeTmp/src.c
/Users/aidanm/Documents/GitHub/kronosx-rs/target/debug/build/grpcio-sys-acb394a567f25e60/out/build/CMakeFiles/CMakeTmp/src.c:26:4: error: use of undeclared identifier 'SOCKET'
                        SOCKET var_exists;
                        ^
1 error generated.
make[1]: *** [CMakeFiles/cmTC_77a03.dir/src.c.o] Error 1
make: *** [cmTC_77a03/fast] Error 2


Source file was:

		#include <stdio.h>
		#include <stdlib.h>
	
		#include <stdbool.h>
		#include <sys/types.h>
		#include <arpa/inet.h>
		#include <arpa/nameser.h>
		#include <netdb.h>
		#include <net/if.h>
		#include <netinet/in.h>
		#include <netinet/tcp.h>
		#include <signal.h>
		#include <stdlib.h>
		#include <string.h>
		#include <strings.h>
		#include <sys/ioctl.h>
		#include <sys/select.h>
		#include <sys/socket.h>
		#include <sys/time.h>
		#include <sys/uio.h>
		#include <time.h>
		#include <fcntl.h>
		#include <unistd.h>
		int main() {
			SOCKET var_exists;
			return 0;
		}
	
Determining if the MSG_NOSIGNAL exist failed with the following output:
Change Dir: /Users/aidanm/Documents/GitHub/kronosx-rs/target/debug/build/grpcio-sys-acb394a567f25e60/out/build/CMakeFiles/CMakeTmp

Run Build Command(s):/usr/bin/make cmTC_de9c7/fast && /Applications/Xcode.app/Contents/Developer/usr/bin/make -f CMakeFiles/cmTC_de9c7.dir/build.make CMakeFiles/cmTC_de9c7.dir/build
Building C object CMakeFiles/cmTC_de9c7.dir/CheckSymbolExists.c.o
/usr/bin/cc -D_DARWIN_C_SOURCE  -ffunction-sections -fdata-sections -fPIC -m64  -isysroot /Applications/Xcode.app/Contents/Developer/Platforms/MacOSX.platform/Developer/SDKs/MacOSX10.15.sdk -fPIE   -o CMakeFiles/cmTC_de9c7.dir/CheckSymbolExists.c.o   -c /Users/aidanm/Documents/GitHub/kronosx-rs/target/debug/build/grpcio-sys-acb394a567f25e60/out/build/CMakeFiles/CMakeTmp/CheckSymbolExists.c
/Users/aidanm/Documents/GitHub/kronosx-rs/target/debug/build/grpcio-sys-acb394a567f25e60/out/build/CMakeFiles/CMakeTmp/CheckSymbolExists.c:27:19: error: use of undeclared identifier 'MSG_NOSIGNAL'
  return ((int*)(&MSG_NOSIGNAL))[argc];
                  ^
1 error generated.
make[1]: *** [CMakeFiles/cmTC_de9c7.dir/CheckSymbolExists.c.o] Error 1
make: *** [cmTC_de9c7/fast] Error 2


File /Users/aidanm/Documents/GitHub/kronosx-rs/target/debug/build/grpcio-sys-acb394a567f25e60/out/build/CMakeFiles/CMakeTmp/CheckSymbolExists.c:
/* */
#include <stdbool.h>
#include <sys/types.h>
#include <arpa/inet.h>
#include <arpa/nameser.h>
#include <netdb.h>
#include <net/if.h>
#include <netinet/in.h>
#include <netinet/tcp.h>
#include <signal.h>
#include <stdlib.h>
#include <string.h>
#include <strings.h>
#include <sys/ioctl.h>
#include <sys/select.h>
#include <sys/socket.h>
#include <sys/time.h>
#include <sys/uio.h>
#include <time.h>
#include <fcntl.h>
#include <unistd.h>

int main(int argc, char** argv)
{
  (void)argv;
#ifndef MSG_NOSIGNAL
  return ((int*)(&MSG_NOSIGNAL))[argc];
#else
  (void)argc;
  return 0;
#endif
}
Determining if the SO_NONBLOCK exist failed with the following output:
Change Dir: /Users/aidanm/Documents/GitHub/kronosx-rs/target/debug/build/grpcio-sys-acb394a567f25e60/out/build/CMakeFiles/CMakeTmp

Run Build Command(s):/usr/bin/make cmTC_cec0b/fast && /Applications/Xcode.app/Contents/Developer/usr/bin/make -f CMakeFiles/cmTC_cec0b.dir/build.make CMakeFiles/cmTC_cec0b.dir/build
Building C object CMakeFiles/cmTC_cec0b.dir/CheckSymbolExists.c.o
/usr/bin/cc -D_DARWIN_C_SOURCE  -ffunction-sections -fdata-sections -fPIC -m64  -isysroot /Applications/Xcode.app/Contents/Developer/Platforms/MacOSX.platform/Developer/SDKs/MacOSX10.15.sdk -fPIE   -o CMakeFiles/cmTC_cec0b.dir/CheckSymbolExists.c.o   -c /Users/aidanm/Documents/GitHub/kronosx-rs/target/debug/build/grpcio-sys-acb394a567f25e60/out/build/CMakeFiles/CMakeTmp/CheckSymbolExists.c
/Users/aidanm/Documents/GitHub/kronosx-rs/target/debug/build/grpcio-sys-acb394a567f25e60/out/build/CMakeFiles/CMakeTmp/CheckSymbolExists.c:27:19: error: use of undeclared identifier 'SO_NONBLOCK'
  return ((int*)(&SO_NONBLOCK))[argc];
                  ^
1 error generated.
make[1]: *** [CMakeFiles/cmTC_cec0b.dir/CheckSymbolExists.c.o] Error 1
make: *** [cmTC_cec0b/fast] Error 2


File /Users/aidanm/Documents/GitHub/kronosx-rs/target/debug/build/grpcio-sys-acb394a567f25e60/out/build/CMakeFiles/CMakeTmp/CheckSymbolExists.c:
/* */
#include <stdbool.h>
#include <sys/types.h>
#include <arpa/inet.h>
#include <arpa/nameser.h>
#include <netdb.h>
#include <net/if.h>
#include <netinet/in.h>
#include <netinet/tcp.h>
#include <signal.h>
#include <stdlib.h>
#include <string.h>
#include <strings.h>
#include <sys/ioctl.h>
#include <sys/select.h>
#include <sys/socket.h>
#include <sys/time.h>
#include <sys/uio.h>
#include <time.h>
#include <fcntl.h>
#include <unistd.h>

int main(int argc, char** argv)
{
  (void)argv;
#ifndef SO_NONBLOCK
  return ((int*)(&SO_NONBLOCK))[argc];
#else
  (void)argc;
  return 0;
#endif
}
Determining if the bitncmp exist failed with the following output:
Change Dir: /Users/aidanm/Documents/GitHub/kronosx-rs/target/debug/build/grpcio-sys-acb394a567f25e60/out/build/CMakeFiles/CMakeTmp

Run Build Command(s):/usr/bin/make cmTC_90b7d/fast && /Applications/Xcode.app/Contents/Developer/usr/bin/make -f CMakeFiles/cmTC_90b7d.dir/build.make CMakeFiles/cmTC_90b7d.dir/build
Building C object CMakeFiles/cmTC_90b7d.dir/CheckSymbolExists.c.o
/usr/bin/cc -D_DARWIN_C_SOURCE  -ffunction-sections -fdata-sections -fPIC -m64  -isysroot /Applications/Xcode.app/Contents/Developer/Platforms/MacOSX.platform/Developer/SDKs/MacOSX10.15.sdk -fPIE   -o CMakeFiles/cmTC_90b7d.dir/CheckSymbolExists.c.o   -c /Users/aidanm/Documents/GitHub/kronosx-rs/target/debug/build/grpcio-sys-acb394a567f25e60/out/build/CMakeFiles/CMakeTmp/CheckSymbolExists.c
/Users/aidanm/Documents/GitHub/kronosx-rs/target/debug/build/grpcio-sys-acb394a567f25e60/out/build/CMakeFiles/CMakeTmp/CheckSymbolExists.c:27:19: error: use of undeclared identifier 'bitncmp'
  return ((int*)(&bitncmp))[argc];
                  ^
1 error generated.
make[1]: *** [CMakeFiles/cmTC_90b7d.dir/CheckSymbolExists.c.o] Error 1
make: *** [cmTC_90b7d/fast] Error 2


File /Users/aidanm/Documents/GitHub/kronosx-rs/target/debug/build/grpcio-sys-acb394a567f25e60/out/build/CMakeFiles/CMakeTmp/CheckSymbolExists.c:
/* */
#include <stdbool.h>
#include <sys/types.h>
#include <arpa/inet.h>
#include <arpa/nameser.h>
#include <netdb.h>
#include <net/if.h>
#include <netinet/in.h>
#include <netinet/tcp.h>
#include <signal.h>
#include <stdlib.h>
#include <string.h>
#include <strings.h>
#include <sys/ioctl.h>
#include <sys/select.h>
#include <sys/socket.h>
#include <sys/time.h>
#include <sys/uio.h>
#include <time.h>
#include <fcntl.h>
#include <unistd.h>

int main(int argc, char** argv)
{
  (void)argv;
#ifndef bitncmp
  return ((int*)(&bitncmp))[argc];
#else
  (void)argc;
  return 0;
#endif
}
Determining if the closesocket exist failed with the following output:
Change Dir: /Users/aidanm/Documents/GitHub/kronosx-rs/target/debug/build/grpcio-sys-acb394a567f25e60/out/build/CMakeFiles/CMakeTmp

Run Build Command(s):/usr/bin/make cmTC_6a3da/fast && /Applications/Xcode.app/Contents/Developer/usr/bin/make -f CMakeFiles/cmTC_6a3da.dir/build.make CMakeFiles/cmTC_6a3da.dir/build
Building C object CMakeFiles/cmTC_6a3da.dir/CheckSymbolExists.c.o
/usr/bin/cc -D_DARWIN_C_SOURCE  -ffunction-sections -fdata-sections -fPIC -m64  -isysroot /Applications/Xcode.app/Contents/Developer/Platforms/MacOSX.platform/Developer/SDKs/MacOSX10.15.sdk -fPIE   -o CMakeFiles/cmTC_6a3da.dir/CheckSymbolExists.c.o   -c /Users/aidanm/Documents/GitHub/kronosx-rs/target/debug/build/grpcio-sys-acb394a567f25e60/out/build/CMakeFiles/CMakeTmp/CheckSymbolExists.c
/Users/aidanm/Documents/GitHub/kronosx-rs/target/debug/build/grpcio-sys-acb394a567f25e60/out/build/CMakeFiles/CMakeTmp/CheckSymbolExists.c:27:19: error: use of undeclared identifier 'closesocket'
  return ((int*)(&closesocket))[argc];
                  ^
1 error generated.
make[1]: *** [CMakeFiles/cmTC_6a3da.dir/CheckSymbolExists.c.o] Error 1
make: *** [cmTC_6a3da/fast] Error 2


File /Users/aidanm/Documents/GitHub/kronosx-rs/target/debug/build/grpcio-sys-acb394a567f25e60/out/build/CMakeFiles/CMakeTmp/CheckSymbolExists.c:
/* */
#include <stdbool.h>
#include <sys/types.h>
#include <arpa/inet.h>
#include <arpa/nameser.h>
#include <netdb.h>
#include <net/if.h>
#include <netinet/in.h>
#include <netinet/tcp.h>
#include <signal.h>
#include <stdlib.h>
#include <string.h>
#include <strings.h>
#include <sys/ioctl.h>
#include <sys/select.h>
#include <sys/socket.h>
#include <sys/time.h>
#include <sys/uio.h>
#include <time.h>
#include <fcntl.h>
#include <unistd.h>

int main(int argc, char** argv)
{
  (void)argv;
#ifndef closesocket
  return ((int*)(&closesocket))[argc];
#else
  (void)argc;
  return 0;
#endif
}
Determining if the CloseSocket exist failed with the following output:
Change Dir: /Users/aidanm/Documents/GitHub/kronosx-rs/target/debug/build/grpcio-sys-acb394a567f25e60/out/build/CMakeFiles/CMakeTmp

Run Build Command(s):/usr/bin/make cmTC_63367/fast && /Applications/Xcode.app/Contents/Developer/usr/bin/make -f CMakeFiles/cmTC_63367.dir/build.make CMakeFiles/cmTC_63367.dir/build
Building C object CMakeFiles/cmTC_63367.dir/CheckSymbolExists.c.o
/usr/bin/cc -D_DARWIN_C_SOURCE  -ffunction-sections -fdata-sections -fPIC -m64  -isysroot /Applications/Xcode.app/Contents/Developer/Platforms/MacOSX.platform/Developer/SDKs/MacOSX10.15.sdk -fPIE   -o CMakeFiles/cmTC_63367.dir/CheckSymbolExists.c.o   -c /Users/aidanm/Documents/GitHub/kronosx-rs/target/debug/build/grpcio-sys-acb394a567f25e60/out/build/CMakeFiles/CMakeTmp/CheckSymbolExists.c
/Users/aidanm/Documents/GitHub/kronosx-rs/target/debug/build/grpcio-sys-acb394a567f25e60/out/build/CMakeFiles/CMakeTmp/CheckSymbolExists.c:27:19: error: use of undeclared identifier 'CloseSocket'
  return ((int*)(&CloseSocket))[argc];
                  ^
1 error generated.
make[1]: *** [CMakeFiles/cmTC_63367.dir/CheckSymbolExists.c.o] Error 1
make: *** [cmTC_63367/fast] Error 2


File /Users/aidanm/Documents/GitHub/kronosx-rs/target/debug/build/grpcio-sys-acb394a567f25e60/out/build/CMakeFiles/CMakeTmp/CheckSymbolExists.c:
/* */
#include <stdbool.h>
#include <sys/types.h>
#include <arpa/inet.h>
#include <arpa/nameser.h>
#include <netdb.h>
#include <net/if.h>
#include <netinet/in.h>
#include <netinet/tcp.h>
#include <signal.h>
#include <stdlib.h>
#include <string.h>
#include <strings.h>
#include <sys/ioctl.h>
#include <sys/select.h>
#include <sys/socket.h>
#include <sys/time.h>
#include <sys/uio.h>
#include <time.h>
#include <fcntl.h>
#include <unistd.h>

int main(int argc, char** argv)
{
  (void)argv;
#ifndef CloseSocket
  return ((int*)(&CloseSocket))[argc];
#else
  (void)argc;
  return 0;
#endif
}
Determining if the getservbyport_r exist failed with the following output:
Change Dir: /Users/aidanm/Documents/GitHub/kronosx-rs/target/debug/build/grpcio-sys-acb394a567f25e60/out/build/CMakeFiles/CMakeTmp

Run Build Command(s):/usr/bin/make cmTC_12264/fast && /Applications/Xcode.app/Contents/Developer/usr/bin/make -f CMakeFiles/cmTC_12264.dir/build.make CMakeFiles/cmTC_12264.dir/build
Building C object CMakeFiles/cmTC_12264.dir/CheckSymbolExists.c.o
/usr/bin/cc -D_DARWIN_C_SOURCE  -ffunction-sections -fdata-sections -fPIC -m64  -isysroot /Applications/Xcode.app/Contents/Developer/Platforms/MacOSX.platform/Developer/SDKs/MacOSX10.15.sdk -fPIE   -o CMakeFiles/cmTC_12264.dir/CheckSymbolExists.c.o   -c /Users/aidanm/Documents/GitHub/kronosx-rs/target/debug/build/grpcio-sys-acb394a567f25e60/out/build/CMakeFiles/CMakeTmp/CheckSymbolExists.c
/Users/aidanm/Documents/GitHub/kronosx-rs/target/debug/build/grpcio-sys-acb394a567f25e60/out/build/CMakeFiles/CMakeTmp/CheckSymbolExists.c:27:19: error: use of undeclared identifier 'getservbyport_r'; did you mean 'getservbyport'?
  return ((int*)(&getservbyport_r))[argc];
                  ^~~~~~~~~~~~~~~
                  getservbyport
/Applications/Xcode.app/Contents/Developer/Platforms/MacOSX.platform/Developer/SDKs/MacOSX10.15.sdk/usr/include/netdb.h:287:17: note: 'getservbyport' declared here
struct servent  *getservbyport(int, const char *);
                 ^
1 error generated.
make[1]: *** [CMakeFiles/cmTC_12264.dir/CheckSymbolExists.c.o] Error 1
make: *** [cmTC_12264/fast] Error 2


File /Users/aidanm/Documents/GitHub/kronosx-rs/target/debug/build/grpcio-sys-acb394a567f25e60/out/build/CMakeFiles/CMakeTmp/CheckSymbolExists.c:
/* */
#include <stdbool.h>
#include <sys/types.h>
#include <arpa/inet.h>
#include <arpa/nameser.h>
#include <netdb.h>
#include <net/if.h>
#include <netinet/in.h>
#include <netinet/tcp.h>
#include <signal.h>
#include <stdlib.h>
#include <string.h>
#include <strings.h>
#include <sys/ioctl.h>
#include <sys/select.h>
#include <sys/socket.h>
#include <sys/time.h>
#include <sys/uio.h>
#include <time.h>
#include <fcntl.h>
#include <unistd.h>

int main(int argc, char** argv)
{
  (void)argv;
#ifndef getservbyport_r
  return ((int*)(&getservbyport_r))[argc];
#else
  (void)argc;
  return 0;
#endif
}
Determining if the ioctlsocket exist failed with the following output:
Change Dir: /Users/aidanm/Documents/GitHub/kronosx-rs/target/debug/build/grpcio-sys-acb394a567f25e60/out/build/CMakeFiles/CMakeTmp

Run Build Command(s):/usr/bin/make cmTC_b7278/fast && /Applications/Xcode.app/Contents/Developer/usr/bin/make -f CMakeFiles/cmTC_b7278.dir/build.make CMakeFiles/cmTC_b7278.dir/build
Building C object CMakeFiles/cmTC_b7278.dir/CheckSymbolExists.c.o
/usr/bin/cc -D_DARWIN_C_SOURCE  -ffunction-sections -fdata-sections -fPIC -m64  -isysroot /Applications/Xcode.app/Contents/Developer/Platforms/MacOSX.platform/Developer/SDKs/MacOSX10.15.sdk -fPIE   -o CMakeFiles/cmTC_b7278.dir/CheckSymbolExists.c.o   -c /Users/aidanm/Documents/GitHub/kronosx-rs/target/debug/build/grpcio-sys-acb394a567f25e60/out/build/CMakeFiles/CMakeTmp/CheckSymbolExists.c
/Users/aidanm/Documents/GitHub/kronosx-rs/target/debug/build/grpcio-sys-acb394a567f25e60/out/build/CMakeFiles/CMakeTmp/CheckSymbolExists.c:27:19: error: use of undeclared identifier 'ioctlsocket'
  return ((int*)(&ioctlsocket))[argc];
                  ^
1 error generated.
make[1]: *** [CMakeFiles/cmTC_b7278.dir/CheckSymbolExists.c.o] Error 1
make: *** [cmTC_b7278/fast] Error 2


File /Users/aidanm/Documents/GitHub/kronosx-rs/target/debug/build/grpcio-sys-acb394a567f25e60/out/build/CMakeFiles/CMakeTmp/CheckSymbolExists.c:
/* */
#include <stdbool.h>
#include <sys/types.h>
#include <arpa/inet.h>
#include <arpa/nameser.h>
#include <netdb.h>
#include <net/if.h>
#include <netinet/in.h>
#include <netinet/tcp.h>
#include <signal.h>
#include <stdlib.h>
#include <string.h>
#include <strings.h>
#include <sys/ioctl.h>
#include <sys/select.h>
#include <sys/socket.h>
#include <sys/time.h>
#include <sys/uio.h>
#include <time.h>
#include <fcntl.h>
#include <unistd.h>

int main(int argc, char** argv)
{
  (void)argv;
#ifndef ioctlsocket
  return ((int*)(&ioctlsocket))[argc];
#else
  (void)argc;
  return 0;
#endif
}
Determining if the IoctlSocket exist failed with the following output:
Change Dir: /Users/aidanm/Documents/GitHub/kronosx-rs/target/debug/build/grpcio-sys-acb394a567f25e60/out/build/CMakeFiles/CMakeTmp

Run Build Command(s):/usr/bin/make cmTC_1418e/fast && /Applications/Xcode.app/Contents/Developer/usr/bin/make -f CMakeFiles/cmTC_1418e.dir/build.make CMakeFiles/cmTC_1418e.dir/build
Building C object CMakeFiles/cmTC_1418e.dir/CheckSymbolExists.c.o
/usr/bin/cc -D_DARWIN_C_SOURCE  -ffunction-sections -fdata-sections -fPIC -m64  -isysroot /Applications/Xcode.app/Contents/Developer/Platforms/MacOSX.platform/Developer/SDKs/MacOSX10.15.sdk -fPIE   -o CMakeFiles/cmTC_1418e.dir/CheckSymbolExists.c.o   -c /Users/aidanm/Documents/GitHub/kronosx-rs/target/debug/build/grpcio-sys-acb394a567f25e60/out/build/CMakeFiles/CMakeTmp/CheckSymbolExists.c
/Users/aidanm/Documents/GitHub/kronosx-rs/target/debug/build/grpcio-sys-acb394a567f25e60/out/build/CMakeFiles/CMakeTmp/CheckSymbolExists.c:27:19: error: use of undeclared identifier 'IoctlSocket'
  return ((int*)(&IoctlSocket))[argc];
                  ^
1 error generated.
make[1]: *** [CMakeFiles/cmTC_1418e.dir/CheckSymbolExists.c.o] Error 1
make: *** [cmTC_1418e/fast] Error 2


File /Users/aidanm/Documents/GitHub/kronosx-rs/target/debug/build/grpcio-sys-acb394a567f25e60/out/build/CMakeFiles/CMakeTmp/CheckSymbolExists.c:
/* */
#include <stdbool.h>
#include <sys/types.h>
#include <arpa/inet.h>
#include <arpa/nameser.h>
#include <netdb.h>
#include <net/if.h>
#include <netinet/in.h>
#include <netinet/tcp.h>
#include <signal.h>
#include <stdlib.h>
#include <string.h>
#include <strings.h>
#include <sys/ioctl.h>
#include <sys/select.h>
#include <sys/socket.h>
#include <sys/time.h>
#include <sys/uio.h>
#include <time.h>
#include <fcntl.h>
#include <unistd.h>

int main(int argc, char** argv)
{
  (void)argv;
#ifndef IoctlSocket
  return ((int*)(&IoctlSocket))[argc];
#else
  (void)argc;
  return 0;
#endif
}
Determining if the strcmpi exist failed with the following output:
Change Dir: /Users/aidanm/Documents/GitHub/kronosx-rs/target/debug/build/grpcio-sys-acb394a567f25e60/out/build/CMakeFiles/CMakeTmp

Run Build Command(s):/usr/bin/make cmTC_6c5c4/fast && /Applications/Xcode.app/Contents/Developer/usr/bin/make -f CMakeFiles/cmTC_6c5c4.dir/build.make CMakeFiles/cmTC_6c5c4.dir/build
Building C object CMakeFiles/cmTC_6c5c4.dir/CheckSymbolExists.c.o
/usr/bin/cc -D_DARWIN_C_SOURCE  -ffunction-sections -fdata-sections -fPIC -m64  -isysroot /Applications/Xcode.app/Contents/Developer/Platforms/MacOSX.platform/Developer/SDKs/MacOSX10.15.sdk -fPIE   -o CMakeFiles/cmTC_6c5c4.dir/CheckSymbolExists.c.o   -c /Users/aidanm/Documents/GitHub/kronosx-rs/target/debug/build/grpcio-sys-acb394a567f25e60/out/build/CMakeFiles/CMakeTmp/CheckSymbolExists.c
/Users/aidanm/Documents/GitHub/kronosx-rs/target/debug/build/grpcio-sys-acb394a567f25e60/out/build/CMakeFiles/CMakeTmp/CheckSymbolExists.c:27:19: error: use of undeclared identifier 'strcmpi'; did you mean 'strcmp'?
  return ((int*)(&strcmpi))[argc];
                  ^~~~~~~
                  strcmp
/Applications/Xcode.app/Contents/Developer/Platforms/MacOSX.platform/Developer/SDKs/MacOSX10.15.sdk/usr/include/string.h:77:6: note: 'strcmp' declared here
int      strcmp(const char *__s1, const char *__s2);
         ^
1 error generated.
make[1]: *** [CMakeFiles/cmTC_6c5c4.dir/CheckSymbolExists.c.o] Error 1
make: *** [cmTC_6c5c4/fast] Error 2


File /Users/aidanm/Documents/GitHub/kronosx-rs/target/debug/build/grpcio-sys-acb394a567f25e60/out/build/CMakeFiles/CMakeTmp/CheckSymbolExists.c:
/* */
#include <stdbool.h>
#include <sys/types.h>
#include <arpa/inet.h>
#include <arpa/nameser.h>
#include <netdb.h>
#include <net/if.h>
#include <netinet/in.h>
#include <netinet/tcp.h>
#include <signal.h>
#include <stdlib.h>
#include <string.h>
#include <strings.h>
#include <sys/ioctl.h>
#include <sys/select.h>
#include <sys/socket.h>
#include <sys/time.h>
#include <sys/uio.h>
#include <time.h>
#include <fcntl.h>
#include <unistd.h>

int main(int argc, char** argv)
{
  (void)argv;
#ifndef strcmpi
  return ((int*)(&strcmpi))[argc];
#else
  (void)argc;
  return 0;
#endif
}
Determining if the stricmp exist failed with the following output:
Change Dir: /Users/aidanm/Documents/GitHub/kronosx-rs/target/debug/build/grpcio-sys-acb394a567f25e60/out/build/CMakeFiles/CMakeTmp

Run Build Command(s):/usr/bin/make cmTC_5fff7/fast && /Applications/Xcode.app/Contents/Developer/usr/bin/make -f CMakeFiles/cmTC_5fff7.dir/build.make CMakeFiles/cmTC_5fff7.dir/build
Building C object CMakeFiles/cmTC_5fff7.dir/CheckSymbolExists.c.o
/usr/bin/cc -D_DARWIN_C_SOURCE  -ffunction-sections -fdata-sections -fPIC -m64  -isysroot /Applications/Xcode.app/Contents/Developer/Platforms/MacOSX.platform/Developer/SDKs/MacOSX10.15.sdk -fPIE   -o CMakeFiles/cmTC_5fff7.dir/CheckSymbolExists.c.o   -c /Users/aidanm/Documents/GitHub/kronosx-rs/target/debug/build/grpcio-sys-acb394a567f25e60/out/build/CMakeFiles/CMakeTmp/CheckSymbolExists.c
/Users/aidanm/Documents/GitHub/kronosx-rs/target/debug/build/grpcio-sys-acb394a567f25e60/out/build/CMakeFiles/CMakeTmp/CheckSymbolExists.c:27:19: error: use of undeclared identifier 'stricmp'
  return ((int*)(&stricmp))[argc];
                  ^
1 error generated.
make[1]: *** [CMakeFiles/cmTC_5fff7.dir/CheckSymbolExists.c.o] Error 1
make: *** [cmTC_5fff7/fast] Error 2


File /Users/aidanm/Documents/GitHub/kronosx-rs/target/debug/build/grpcio-sys-acb394a567f25e60/out/build/CMakeFiles/CMakeTmp/CheckSymbolExists.c:
/* */
#include <stdbool.h>
#include <sys/types.h>
#include <arpa/inet.h>
#include <arpa/nameser.h>
#include <netdb.h>
#include <net/if.h>
#include <netinet/in.h>
#include <netinet/tcp.h>
#include <signal.h>
#include <stdlib.h>
#include <string.h>
#include <strings.h>
#include <sys/ioctl.h>
#include <sys/select.h>
#include <sys/socket.h>
#include <sys/time.h>
#include <sys/uio.h>
#include <time.h>
#include <fcntl.h>
#include <unistd.h>

int main(int argc, char** argv)
{
  (void)argv;
#ifndef stricmp
  return ((int*)(&stricmp))[argc];
#else
  (void)argc;
  return 0;
#endif
}
Determining if the strncmpi exist failed with the following output:
Change Dir: /Users/aidanm/Documents/GitHub/kronosx-rs/target/debug/build/grpcio-sys-acb394a567f25e60/out/build/CMakeFiles/CMakeTmp

Run Build Command(s):/usr/bin/make cmTC_4b291/fast && /Applications/Xcode.app/Contents/Developer/usr/bin/make -f CMakeFiles/cmTC_4b291.dir/build.make CMakeFiles/cmTC_4b291.dir/build
Building C object CMakeFiles/cmTC_4b291.dir/CheckSymbolExists.c.o
/usr/bin/cc -D_DARWIN_C_SOURCE  -ffunction-sections -fdata-sections -fPIC -m64  -isysroot /Applications/Xcode.app/Contents/Developer/Platforms/MacOSX.platform/Developer/SDKs/MacOSX10.15.sdk -fPIE   -o CMakeFiles/cmTC_4b291.dir/CheckSymbolExists.c.o   -c /Users/aidanm/Documents/GitHub/kronosx-rs/target/debug/build/grpcio-sys-acb394a567f25e60/out/build/CMakeFiles/CMakeTmp/CheckSymbolExists.c
/Users/aidanm/Documents/GitHub/kronosx-rs/target/debug/build/grpcio-sys-acb394a567f25e60/out/build/CMakeFiles/CMakeTmp/CheckSymbolExists.c:27:19: error: use of undeclared identifier 'strncmpi'; did you mean 'strncmp'?
  return ((int*)(&strncmpi))[argc];
                  ^~~~~~~~
                  strncmp
/Applications/Xcode.app/Contents/Developer/Platforms/MacOSX.platform/Developer/SDKs/MacOSX10.15.sdk/usr/include/string.h:84:6: note: 'strncmp' declared here
int      strncmp(const char *__s1, const char *__s2, size_t __n);
         ^
1 error generated.
make[1]: *** [CMakeFiles/cmTC_4b291.dir/CheckSymbolExists.c.o] Error 1
make: *** [cmTC_4b291/fast] Error 2


File /Users/aidanm/Documents/GitHub/kronosx-rs/target/debug/build/grpcio-sys-acb394a567f25e60/out/build/CMakeFiles/CMakeTmp/CheckSymbolExists.c:
/* */
#include <stdbool.h>
#include <sys/types.h>
#include <arpa/inet.h>
#include <arpa/nameser.h>
#include <netdb.h>
#include <net/if.h>
#include <netinet/in.h>
#include <netinet/tcp.h>
#include <signal.h>
#include <stdlib.h>
#include <string.h>
#include <strings.h>
#include <sys/ioctl.h>
#include <sys/select.h>
#include <sys/socket.h>
#include <sys/time.h>
#include <sys/uio.h>
#include <time.h>
#include <fcntl.h>
#include <unistd.h>

int main(int argc, char** argv)
{
  (void)argv;
#ifndef strncmpi
  return ((int*)(&strncmpi))[argc];
#else
  (void)argc;
  return 0;
#endif
}
Determining if the strnicmp exist failed with the following output:
Change Dir: /Users/aidanm/Documents/GitHub/kronosx-rs/target/debug/build/grpcio-sys-acb394a567f25e60/out/build/CMakeFiles/CMakeTmp

Run Build Command(s):/usr/bin/make cmTC_eeebf/fast && /Applications/Xcode.app/Contents/Developer/usr/bin/make -f CMakeFiles/cmTC_eeebf.dir/build.make CMakeFiles/cmTC_eeebf.dir/build
Building C object CMakeFiles/cmTC_eeebf.dir/CheckSymbolExists.c.o
/usr/bin/cc -D_DARWIN_C_SOURCE  -ffunction-sections -fdata-sections -fPIC -m64  -isysroot /Applications/Xcode.app/Contents/Developer/Platforms/MacOSX.platform/Developer/SDKs/MacOSX10.15.sdk -fPIE   -o CMakeFiles/cmTC_eeebf.dir/CheckSymbolExists.c.o   -c /Users/aidanm/Documents/GitHub/kronosx-rs/target/debug/build/grpcio-sys-acb394a567f25e60/out/build/CMakeFiles/CMakeTmp/CheckSymbolExists.c
/Users/aidanm/Documents/GitHub/kronosx-rs/target/debug/build/grpcio-sys-acb394a567f25e60/out/build/CMakeFiles/CMakeTmp/CheckSymbolExists.c:27:19: error: use of undeclared identifier 'strnicmp'; did you mean 'strncmp'?
  return ((int*)(&strnicmp))[argc];
                  ^~~~~~~~
                  strncmp
/Applications/Xcode.app/Contents/Developer/Platforms/MacOSX.platform/Developer/SDKs/MacOSX10.15.sdk/usr/include/string.h:84:6: note: 'strncmp' declared here
int      strncmp(const char *__s1, const char *__s2, size_t __n);
         ^
1 error generated.
make[1]: *** [CMakeFiles/cmTC_eeebf.dir/CheckSymbolExists.c.o] Error 1
make: *** [cmTC_eeebf/fast] Error 2


File /Users/aidanm/Documents/GitHub/kronosx-rs/target/debug/build/grpcio-sys-acb394a567f25e60/out/build/CMakeFiles/CMakeTmp/CheckSymbolExists.c:
/* */
#include <stdbool.h>
#include <sys/types.h>
#include <arpa/inet.h>
#include <arpa/nameser.h>
#include <netdb.h>
#include <net/if.h>
#include <netinet/in.h>
#include <netinet/tcp.h>
#include <signal.h>
#include <stdlib.h>
#include <string.h>
#include <strings.h>
#include <sys/ioctl.h>
#include <sys/select.h>
#include <sys/socket.h>
#include <sys/time.h>
#include <sys/uio.h>
#include <time.h>
#include <fcntl.h>
#include <unistd.h>

int main(int argc, char** argv)
{
  (void)argv;
#ifndef strnicmp
  return ((int*)(&strnicmp))[argc];
#else
  (void)argc;
  return 0;
#endif
}
Checking whether the ASM compiler is GNU using "--version" did not match "(GNU assembler)|(GCC)|(Free Software Foundation)":
Apple clang version 11.0.0 (clang-1100.0.33.17)
Target: x86_64-apple-darwin19.3.0
Thread model: posix
InstalledDir: /Applications/Xcode.app/Contents/Developer/Toolchains/XcodeDefault.xctoolchain/usr/bin
